2023-04-22 13:40:01.445  3588-3588  AndroidRuntime          com.sage                             E  FATAL EXCEPTION: main
                                                                                                    Process: com.sage, PID: 3588
                                                                                                    java.lang.IllegalStateException: The offset was read before being initialized. Did you access the offset in a phase before layout, like effects or composition?
                                                                                                    	at androidx.compose.material3.SwipeableV2State.requireOffset(SwipeableV2.kt:210)
                                                                                                    	at androidx.compose.material3.SheetState.requireOffset(SheetDefaults.kt:116)
                                                                                                    	at androidx.compose.material3.ModalBottomSheetKt$ModalBottomSheet$1$1$2$1.invoke-Bjo55l4(ModalBottomSheet.kt:145)
                                                                                                    	at androidx.compose.material3.ModalBottomSheetKt$ModalBottomSheet$1$1$2$1.invoke(ModalBottomSheet.kt:141)
                                                                                                    	at androidx.compose.foundation.layout.OffsetPxModifier$measure$1.invoke(Offset.kt:202)
                                                                                                    	at androidx.compose.foundation.layout.OffsetPxModifier$measure$1.invoke(Offset.kt:201)
                                                                                                    	at androidx.compose.ui.layout.MeasureScope$layout$1.placeChildren(MeasureScope.kt:70)
                                                                                                    	at androidx.compose.ui.node.LayoutModifierNodeCoordinator.placeAt-f8xVGno(LayoutModifierNodeCoordinator.kt:202)
                                                                                                    	at androidx.compose.ui.layout.Placeable.access$placeAt-f8xVGno(Placeable.kt:35)
                                                                                                    	at androidx.compose.ui.layout.Placeable$PlacementScope.placeRelative(Placeable.kt:434)
                                                                                                    	at androidx.compose.ui.layout.Placeable$PlacementScope.placeRelative$default(Placeable.kt:199)
                                                                                                    	at androidx.compose.foundation.layout.FillModifier$measure$1.invoke(Size.kt:663)
                                                                                                    	at androidx.compose.foundation.layout.FillModifier$measure$1.invoke(Size.kt:662)
                                                                                                    	at androidx.compose.ui.layout.MeasureScope$layout$1.placeChildren(MeasureScope.kt:70)
                                                                                                    	at androidx.compose.ui.node.LayoutModifierNodeCoordinator.placeAt-f8xVGno(LayoutModifierNodeCoordinator.kt:202)
                                                                                                    	at androidx.compose.ui.layout.Placeable.access$placeAt-f8xVGno(Placeable.kt:35)
                                                                                                    	at androidx.compose.ui.layout.Placeable$PlacementScope.placeRelative(Placeable.kt:434)
                                                                                                    	at androidx.compose.ui.layout.Placeable$PlacementScope.placeRelative$default(Placeable.kt:199)
                                                                                                    	at androidx.compose.foundation.layout.SizeModifier$measure$1.invoke(Size.kt:783)
                                                                                                    	at androidx.compose.foundation.layout.SizeModifier$measure$1.invoke(Size.kt:782)
                                                                                                    	at androidx.compose.ui.layout.MeasureScope$layout$1.placeChildren(MeasureScope.kt:70)
                                                                                                    	at androidx.compose.ui.node.LayoutModifierNodeCoordinator.placeAt-f8xVGno(LayoutModifierNodeCoordinator.kt:202)
                                                                                                    	at androidx.compose.ui.layout.Placeable.access$placeAt-f8xVGno(Placeable.kt:35)
                                                                                                    	at androidx.compose.ui.layout.Placeable$PlacementScope.place-70tqf50(Placeable.kt:445)
                                                                                                    	at androidx.compose.ui.node.LayoutNodeLayoutDelegate$MeasurePassDelegate$placeOuterCoordinator$1.invoke(LayoutNodeLayoutDelegate.kt:451)
                                                                                                    	at androidx.compose.ui.node.LayoutNodeLayoutDelegate$MeasurePassDelegate$placeOuterCoordinator$1.invoke(LayoutNodeLayoutDelegate.kt:445)
                                                                                                    	at androidx.compose.runtime.snapshots.Snapshot$Companion.observe(Snapshot.kt:2200)
                                                                                                    	at androidx.compose.runtime.snapshots.SnapshotStateObserver$observeReads$1$1.invoke(SnapshotStateObserver.kt:234)
                                                                                                    	at androidx.compose.runtime.snapshots.SnapshotStateObserver$observeReads$1$1.invoke(SnapshotStateObserver.kt:230)
                                                                                                    	at androidx.compose.runtime.SnapshotStateKt__DerivedStateKt.observeDerivedStateRecalculations(DerivedState.kt:341)
                                                                                                    	at androidx.compose.runtime.SnapshotStateKt.observeDerivedStateRecalculations(Unknown Source:1)
                                                                                                    	at androidx.compose.runtime.snapshots.SnapshotStateObserver.observeReads(SnapshotStateObserver.kt:230)
                                                                                                    	at androidx.compose.ui.node.OwnerSnapshotObserver.observeReads$ui_release(OwnerSnapshotObserver.kt:120)
                                                                                                    	at androidx.compose.ui.node.OwnerSnapshotObserver.observeLayoutModifierSnapshotReads$ui_release(OwnerSnapshotObserver.kt:92)
                                                                                                    	at androidx.compose.ui.node.LayoutNodeLayoutDelegate$MeasurePassDelegate.placeOuterCoordinator-f8xVGno(LayoutNodeLayoutDelegate.kt:445)
                                                                                                    	at androidx.compose.ui.node.LayoutNodeLayoutDelegate$MeasurePassDelegate.placeAt-f8xVGno(LayoutNodeLayoutDelegate.kt:428)
                                                                                                    	at androidx.compose.ui.layout.Placeable.access$placeAt-f8xVGno(Placeable.kt:35)
                                                                                                    	at androidx.compose.ui.layout.Placeable$PlacementScope.place-70tqf50(Placeable.kt:445)
2023-04-22 13:40:01.446  3588-3588  AndroidRuntime          com.sage                             E  	at androidx.compose.ui.layout.Placeable$PlacementScope.place-70tqf50$default(Placeable.kt:223)
                                                                                                    	at androidx.compose.foundation.layout.BoxKt.placeInBox(Box.kt:186)
                                                                                                    	at androidx.compose.foundation.layout.BoxKt.access$placeInBox(Box.kt:1)
                                                                                                    	at androidx.compose.foundation.layout.BoxKt$boxMeasurePolicy$1$measure$5.invoke(Box.kt:167)
                                                                                                    	at androidx.compose.foundation.layout.BoxKt$boxMeasurePolicy$1$measure$5.invoke(Box.kt:163)
                                                                                                    	at androidx.compose.ui.layout.MeasureScope$layout$1.placeChildren(MeasureScope.kt:70)
                                                                                                    	at androidx.compose.ui.layout.LayoutNodeSubcompositionsState$createMeasurePolicy$1$measure$1.placeChildren(SubcomposeLayout.kt:610)
                                                                                                    	at androidx.compose.ui.node.LayoutNodeLayoutDelegate$MeasurePassDelegate$layoutChildren$1$1.invoke(LayoutNodeLayoutDelegate.kt:276)
                                                                                                    	at androidx.compose.ui.node.LayoutNodeLayoutDelegate$MeasurePassDelegate$layoutChildren$1$1.invoke(LayoutNodeLayoutDelegate.kt:268)
                                                                                                    	at androidx.compose.runtime.snapshots.Snapshot$Companion.observe(Snapshot.kt:2200)
                                                                                                    	at androidx.compose.runtime.snapshots.SnapshotStateObserver$observeReads$1$1.invoke(SnapshotStateObserver.kt:234)
                                                                                                    	at androidx.compose.runtime.snapshots.SnapshotStateObserver$observeReads$1$1.invoke(SnapshotStateObserver.kt:230)
                                                                                                    	at androidx.compose.runtime.SnapshotStateKt__DerivedStateKt.observeDerivedStateRecalculations(DerivedState.kt:341)
                                                                                                    	at androidx.compose.runtime.SnapshotStateKt.observeDerivedStateRecalculations(Unknown Source:1)
                                                                                                    	at androidx.compose.runtime.snapshots.SnapshotStateObserver.observeReads(SnapshotStateObserver.kt:230)
                                                                                                    	at androidx.compose.ui.node.OwnerSnapshotObserver.observeReads$ui_release(OwnerSnapshotObserver.kt:120)
                                                                                                    	at androidx.compose.ui.node.OwnerSnapshotObserver.observeLayoutSnapshotReads$ui_release(OwnerSnapshotObserver.kt:77)
                                                                                                    	at androidx.compose.ui.node.LayoutNodeLayoutDelegate$MeasurePassDelegate.layoutChildren(LayoutNodeLayoutDelegate.kt:268)
                                                                                                    	at androidx.compose.ui.node.LayoutNode.onNodePlaced$ui_release(LayoutNode.kt:955)
                                                                                                    	at androidx.compose.ui.node.InnerNodeCoordinator.placeAt-f8xVGno(InnerNodeCoordinator.kt:137)
                                                                                                    	at androidx.compose.ui.layout.Placeable.access$placeAt-f8xVGno(Placeable.kt:35)
                                                                                                    	at androidx.compose.ui.layout.Placeable$PlacementScope.placeRelative(Placeable.kt:434)
                                                                                                    	at androidx.compose.ui.layout.Placeable$PlacementScope.placeRelative$default(Placeable.kt:199)
                                                                                                    	at androidx.compose.foundation.layout.FillModifier$measure$1.invoke(Size.kt:663)
                                                                                                    	at androidx.compose.foundation.layout.FillModifier$measure$1.invoke(Size.kt:662)
                                                                                                    	at androidx.compose.ui.layout.MeasureScope$layout$1.placeChildren(MeasureScope.kt:70)
                                                                                                    	at androidx.compose.ui.node.LayoutModifierNodeCoordinator.placeAt-f8xVGno(LayoutModifierNodeCoordinator.kt:202)
                                                                                                    	at androidx.compose.ui.layout.Placeable.access$placeAt-f8xVGno(Placeable.kt:35)
                                                                                                    	at androidx.compose.ui.layout.Placeable$PlacementScope.place-70tqf50(Placeable.kt:445)
                                                                                                    	at androidx.compose.ui.node.LayoutNodeLayoutDelegate$MeasurePassDelegate$placeOuterCoordinator$1.invoke(LayoutNodeLayoutDelegate.kt:451)
                                                                                                    	at androidx.compose.ui.node.LayoutNodeLayoutDelegate$MeasurePassDelegate$placeOuterCoordinator$1.invoke(LayoutNodeLayoutDelegate.kt:445)
                                                                                                    	at androidx.compose.runtime.snapshots.Snapshot$Companion.observe(Snapshot.kt:2200)
                                                                                                    	at androidx.compose.runtime.snapshots.SnapshotStateObserver$observeReads$1$1.invoke(SnapshotStateObserver.kt:234)
                                                                                                    	at androidx.compose.runtime.snapshots.SnapshotStateObserver$observeReads$1$1.invoke(SnapshotStateObserver.kt:230)
                                                                                                    	at androidx.compose.runtime.SnapshotStateKt__DerivedStateKt.observeDerivedStateRecalculations(DerivedState.kt:341)
                                                                                                    	at androidx.compose.runtime.SnapshotStateKt.observeDerivedStateRecalculations(Unknown Source:1)
                                                                                                    	at androidx.compose.runtime.snapshots.SnapshotStateObserver.observeReads(SnapshotStateObserver.kt:230)
                                                                                                    	at androidx.compose.ui.node.OwnerSnapshotObserver.observeReads$ui_release(OwnerSnapshotObserver.kt:120)
                                                                                                    	at androidx.compose.ui.node.OwnerSnapshotObserver.observeLayoutModifierSnapshotReads$ui_release(OwnerSnapshotObserver.kt:92)
2023-04-22 13:40:01.446  3588-3588  AndroidRuntime          com.sage                             E  	at androidx.compose.ui.node.LayoutNodeLayoutDelegate$MeasurePassDelegate.placeOuterCoordinator-f8xVGno(LayoutNodeLayoutDelegate.kt:445)
                                                                                                    	at androidx.compose.ui.node.LayoutNodeLayoutDelegate$MeasurePassDelegate.placeAt-f8xVGno(LayoutNodeLayoutDelegate.kt:428)
                                                                                                    	at androidx.compose.ui.layout.Placeable.access$placeAt-f8xVGno(Placeable.kt:35)
                                                                                                    	at androidx.compose.ui.layout.Placeable$PlacementScope.placeRelative(Placeable.kt:434)
                                                                                                    	at androidx.compose.ui.layout.Placeable$PlacementScope.placeRelative$default(Placeable.kt:199)
                                                                                                    	at androidx.compose.ui.window.AndroidPopup_androidKt$SimpleStack$1$measure$2.invoke(AndroidPopup.android.kt:347)
                                                                                                    	at androidx.compose.ui.window.AndroidPopup_androidKt$SimpleStack$1$measure$2.invoke(AndroidPopup.android.kt:346)
                                                                                                    	at androidx.compose.ui.layout.MeasureScope$layout$1.placeChildren(MeasureScope.kt:70)
                                                                                                    	at androidx.compose.ui.node.LayoutNodeLayoutDelegate$MeasurePassDelegate$layoutChildren$1$1.invoke(LayoutNodeLayoutDelegate.kt:276)
                                                                                                    	at androidx.compose.ui.node.LayoutNodeLayoutDelegate$MeasurePassDelegate$layoutChildren$1$1.invoke(LayoutNodeLayoutDelegate.kt:268)
                                                                                                    	at androidx.compose.runtime.snapshots.Snapshot$Companion.observe(Snapshot.kt:2200)
                                                                                                    	at androidx.compose.runtime.snapshots.SnapshotStateObserver$observeReads$1$1.invoke(SnapshotStateObserver.kt:234)
                                                                                                    	at androidx.compose.runtime.snapshots.SnapshotStateObserver$observeReads$1$1.invoke(SnapshotStateObserver.kt:230)
                                                                                                    	at androidx.compose.runtime.SnapshotStateKt__DerivedStateKt.observeDerivedStateRecalculations(DerivedState.kt:341)
                                                                                                    	at androidx.compose.runtime.SnapshotStateKt.observeDerivedStateRecalculations(Unknown Source:1)
                                                                                                    	at androidx.compose.runtime.snapshots.SnapshotStateObserver.observeReads(SnapshotStateObserver.kt:230)
                                                                                                    	at androidx.compose.ui.node.OwnerSnapshotObserver.observeReads$ui_release(OwnerSnapshotObserver.kt:120)
                                                                                                    	at androidx.compose.ui.node.OwnerSnapshotObserver.observeLayoutSnapshotReads$ui_release(OwnerSnapshotObserver.kt:77)
                                                                                                    	at androidx.compose.ui.node.LayoutNodeLayoutDelegate$MeasurePassDelegate.layoutChildren(LayoutNodeLayoutDelegate.kt:268)
                                                                                                    	at androidx.compose.ui.node.LayoutNode.onNodePlaced$ui_release(LayoutNode.kt:955)
                                                                                                    	at androidx.compose.ui.node.InnerNodeCoordinator.placeAt-f8xVGno(InnerNodeCoordinator.kt:137)
                                                                                                    	at androidx.compose.ui.layout.Placeable.access$placeAt-f8xVGno(Placeable.kt:35)
                                                                                                    	at androidx.compose.ui.layout.Placeable$PlacementScope.placeWithLayer(Placeable.kt:468)
                                                                                                    	at androidx.compose.ui.layout.Placeable$PlacementScope.placeWithLayer$default(Placeable.kt:286)
                                                                                                    	at androidx.compose.ui.graphics.SimpleGraphicsLayerModifier$measure$1.invoke(GraphicsLayerModifier.kt:637)
                                                                                                    	at androidx.compose.ui.graphics.SimpleGraphicsLayerModifier$measure$1.invoke(GraphicsLayerModifier.kt:636)
                                                                                                    	at androidx.compose.ui.layout.MeasureScope$layout$1.placeChildren(MeasureScope.kt:70)
                                                                                                    	at androidx.compose.ui.node.LayoutModifierNodeCoordinator.placeAt-f8xVGno(LayoutModifierNodeCoordinator.kt:202)
                                                                                                    	at androidx.compose.ui.layout.Placeable.access$placeAt-f8xVGno(Placeable.kt:35)
                                                                                                    	at androidx.compose.ui.layout.Placeable$PlacementScope.placeWithLayer-aW-9-wM(Placeable.kt:471)
                                                                                                    	at androidx.compose.ui.node.LayoutNodeLayoutDelegate$MeasurePassDelegate$placeOuterCoordinator$1.invoke(LayoutNodeLayoutDelegate.kt:453)
                                                                                                    	at androidx.compose.ui.node.LayoutNodeLayoutDelegate$MeasurePassDelegate$placeOuterCoordinator$1.invoke(LayoutNodeLayoutDelegate.kt:445)
                                                                                                    	at androidx.compose.runtime.snapshots.Snapshot$Companion.observe(Snapshot.kt:2200)
                                                                                                    	at androidx.compose.runtime.snapshots.SnapshotStateObserver$observeReads$1$1.invoke(SnapshotStateObserver.kt:234)
                                                                                                    	at androidx.compose.runtime.snapshots.SnapshotStateObserver$observeReads$1$1.invoke(SnapshotStateObserver.kt:230)
                                                                                                    	at androidx.compose.runtime.SnapshotStateKt__DerivedStateKt.observeDerivedStateRecalculations(DerivedState.kt:341)
                                                                                                    	at androidx.compose.runtime.SnapshotStateKt.observeDerivedStateRecalculations(Unknown Source:1)
2023-04-22 13:40:01.447  3588-3588  AndroidRuntime          com.sage                             E  	at androidx.compose.runtime.snapshots.SnapshotStateObserver.observeReads(SnapshotStateObserver.kt:230)
                                                                                                    	at androidx.compose.ui.node.OwnerSnapshotObserver.observeReads$ui_release(OwnerSnapshotObserver.kt:120)
                                                                                                    	at androidx.compose.ui.node.OwnerSnapshotObserver.observeLayoutModifierSnapshotReads$ui_release(OwnerSnapshotObserver.kt:92)
                                                                                                    	at androidx.compose.ui.node.LayoutNodeLayoutDelegate$MeasurePassDelegate.placeOuterCoordinator-f8xVGno(LayoutNodeLayoutDelegate.kt:445)
                                                                                                    	at androidx.compose.ui.node.LayoutNodeLayoutDelegate$MeasurePassDelegate.placeAt-f8xVGno(LayoutNodeLayoutDelegate.kt:428)
                                                                                                    	at androidx.compose.ui.layout.Placeable.access$placeAt-f8xVGno(Placeable.kt:35)
                                                                                                    	at androidx.compose.ui.layout.Placeable$PlacementScope.placeRelativeWithLayer(Placeable.kt:460)
                                                                                                    	at androidx.compose.ui.layout.Placeable$PlacementScope.placeRelativeWithLayer$default(Placeable.kt:266)
                                                                                                    	at androidx.compose.ui.layout.RootMeasurePolicy$measure$2.invoke(RootMeasurePolicy.kt:43)
                                                                                                    	at androidx.compose.ui.layout.RootMeasurePolicy$measure$2.invoke(RootMeasurePolicy.kt:39)
                                                                                                    	at androidx.compose.ui.layout.MeasureScope$layout$1.placeChildren(MeasureScope.kt:70)
                                                                                                    	at androidx.compose.ui.node.LayoutNodeLayoutDelegate$MeasurePassDelegate$layoutChildren$1$1.invoke(LayoutNodeLayoutDelegate.kt:276)
                                                                                                    	at androidx.compose.ui.node.LayoutNodeLayoutDelegate$MeasurePassDelegate$layoutChildren$1$1.invoke(LayoutNodeLayoutDelegate.kt:268)
                                                                                                    	at androidx.compose.runtime.snapshots.Snapshot$Companion.observe(Snapshot.kt:2200)
                                                                                                    	at androidx.compose.runtime.snapshots.SnapshotStateObserver$observeReads$1$1.invoke(SnapshotStateObserver.kt:234)
                                                                                                    	at androidx.compose.runtime.snapshots.SnapshotStateObserver$observeReads$1$1.invoke(SnapshotStateObserver.kt:230)
                                                                                                    	at androidx.compose.runtime.SnapshotStateKt__DerivedStateKt.observeDerivedStateRecalculations(DerivedState.kt:341)
                                                                                                    	at androidx.compose.runtime.SnapshotStateKt.observeDerivedStateRecalculations(Unknown Source:1)
                                                                                                    	at androidx.compose.runtime.snapshots.SnapshotStateObserver.observeReads(SnapshotStateObserver.kt:230)
                                                                                                    	at androidx.compose.ui.node.OwnerSnapshotObserver.observeReads$ui_release(OwnerSnapshotObserver.kt:120)
                                                                                                    	at androidx.compose.ui.node.OwnerSnapshotObserver.observeLayoutSnapshotReads$ui_release(OwnerSnapshotObserver.kt:77)
                                                                                                    	at androidx.compose.ui.node.LayoutNodeLayoutDelegate$MeasurePassDelegate.layoutChildren(LayoutNodeLayoutDelegate.kt:268)
                                                                                                    	at androidx.compose.ui.node.LayoutNode.onNodePlaced$ui_release(LayoutNode.kt:955)
                                                                                                    	at androidx.compose.ui.node.InnerNodeCoordinator.placeAt-f8xVGno(InnerNodeCoordinator.kt:137)
                                                                                                    	at androidx.compose.ui.layout.Placeable.access$placeAt-f8xVGno(Placeable.kt:35)
                                                                                                    	at androidx.compose.ui.layout.Placeable$PlacementScope.place-70tqf50(Placeable.kt:445)
                                                                                                    	at androidx.compose.ui.node.LayoutNodeLayoutDelegate$MeasurePassDelegate$placeOuterCoordinator$1.invoke(LayoutNodeLayoutDelegate.kt:451)
                                                                                                    	at androidx.compose.ui.node.LayoutNodeLayoutDelegate$MeasurePassDelegate$placeOuterCoordinator$1.invoke(LayoutNodeLayoutDelegate.kt:445)
                                                                                                    	at androidx.compose.runtime.snapshots.Snapshot$Companion.observe(Snapshot.kt:2200)
                                                                                                    	at androidx.compose.runtime.snapshots.SnapshotStateObserver$observeReads$1$1.invoke(SnapshotStateObserver.kt:234)
                                                                                                    	at androidx.compose.runtime.snapshots.SnapshotStateObserver$observeReads$1$1.invoke(SnapshotStateObserver.kt:230)
                                                                                                    	at androidx.compose.runtime.SnapshotStateKt__DerivedStateKt.observeDerivedStateRecalculations(DerivedState.kt:341)
                                                                                                    	at androidx.compose.runtime.SnapshotStateKt.observeDerivedStateRecalculations(Unknown Source:1)
                                                                                                    	at androidx.compose.runtime.snapshots.SnapshotStateObserver.observeReads(SnapshotStateObserver.kt:230)
                                                                                                    	at androidx.compose.ui.node.OwnerSnapshotObserver.observeReads$ui_release(OwnerSnapshotObserver.kt:120)
                                                                                                    	at androidx.compose.ui.node.OwnerSnapshotObserver.observeLayoutModifierSnapshotReads$ui_release(OwnerSnapshotObserver.kt:92)
                                                                                                    	at androidx.compose.ui.node.LayoutNodeLayoutDelegate$MeasurePassDelegate.placeOuterCoordinator-f8xVGno(LayoutNodeLayoutDelegate.kt:445)
2023-04-22 13:40:01.447  3588-3588  AndroidRuntime          com.sage                             E  	at androidx.compose.ui.node.LayoutNodeLayoutDelegate$MeasurePassDelegate.placeAt-f8xVGno(LayoutNodeLayoutDelegate.kt:428)
                                                                                                    	at androidx.compose.ui.layout.Placeable.access$placeAt-f8xVGno(Placeable.kt:35)
                                                                                                    	at androidx.compose.ui.layout.Placeable$PlacementScope.placeRelative(Placeable.kt:434)
                                                                                                    	at androidx.compose.ui.layout.Placeable$PlacementScope.placeRelative$default(Placeable.kt:199)
                                                                                                    	at androidx.compose.ui.node.LayoutNode.place$ui_release(LayoutNode.kt:827)
                                                                                                    	at androidx.compose.ui.node.MeasureAndLayoutDelegate.remeasureAndRelayoutIfNeeded(MeasureAndLayoutDelegate.kt:443)
                                                                                                    	at androidx.compose.ui.node.MeasureAndLayoutDelegate.access$remeasureAndRelayoutIfNeeded(MeasureAndLayoutDelegate.kt:39)
                                                                                                    	at androidx.compose.ui.node.MeasureAndLayoutDelegate.measureAndLayout(MeasureAndLayoutDelegate.kt:330)
                                                                                                    	at androidx.compose.ui.platform.AndroidComposeView.onLayout(AndroidComposeView.android.kt:905)
                                                                                                    	at android.view.View.layout(View.java:22496)
                                                                                                    	at android.view.ViewGroup.layout(ViewGroup.java:6528)
                                                                                                    	at androidx.compose.ui.platform.AbstractComposeView.internalOnLayout$ui_release(ComposeView.android.kt:322)
                                                                                                    	at androidx.compose.ui.window.PopupLayout.internalOnLayout$ui_release(AndroidPopup.android.kt:483)
                                                                                                    	at androidx.compose.ui.platform.AbstractComposeView.onLayout(ComposeView.android.kt:313)
                                                                                                    	at android.view.View.layout(View.java:22496)
                                                                                                    	at android.view.ViewGroup.layout(ViewGroup.java:6528)
                                                                                                    	at android.view.ViewRootImpl.performLayout(ViewRootImpl.java:3743)
                                                                                                    	at android.view.ViewRootImpl.performTraversals(ViewRootImpl.java:3207)
                                                                                                    	at android.view.ViewRootImpl.doTraversal(ViewRootImpl.java:2166)
                                                                                                    	at android.view.ViewRootImpl$TraversalRunnable.run(ViewRootImpl.java:8887)
                                                                                                    	at android.view.Choreographer$CallbackRecord.run(Choreographer.java:1280)
                                                                                                    	at android.view.Choreographer.doCallbacks(Choreographer.java:1019)
                                                                                                    	at android.view.Choreographer.doFrame(Choreographer.java:911)
                                                                                                    	at android.view.Choreographer$FrameDisplayEventReceiver.run(Choreographer.java:1248)
                                                                                                    	at android.os.Handler.handleCallback(Handler.java:900)
                                                                                                    	at android.os.Handler.dispatchMessage(Handler.java:103)
                                                                                                    	at android.os.Looper.loop(Looper.java:219)
                                                                                                    	at android.app.ActivityThread.main(ActivityThread.java:8668)
                                                                                                    	at java.lang.reflect.Method.invoke(Native Method)
                                                                                                    	at com.android.internal.os.RuntimeInit$MethodAndArgsCaller.run(RuntimeInit.java:513)
                                                                                                    	at com.android.internal.os.ZygoteInit.main(ZygoteInit.java:1109)